2024-02-07T19:10:49.165830-05:00	START
2024-02-07T19:11:06.627592-05:00	START
2024-02-07T19:12:02.745353-05:00	
{
    "status": true,
    "obj": {
        "run": {
            "status": true,
            "stdout": {
                "id": 134,
                "creation_date": "2024-02-07T19:12:02.656223-05:00",
                "name": "pl-image_textremove",
                "version": "1.1.7",
                "dock_image": "fnndsc/pl-image_textremove:1.1.7",
                "public_repo": "https://github.com/FNNDSC/pl-image_textremove",
                "icon": "",
                "type": "ds",
                "stars": 0,
                "authors": "FNNDSC <dev@babyMRI.org>",
                "title": "Remove text from image",
                "category": "",
                "description": "A ChRIS plugin to remove text from images",
                "documentation": "https://github.com/FNNDSC/pl-image_textRe",
                "license": "MIT",
                "execshell": "/usr/local/bin/python",
                "selfpath": "/usr/local/bin",
                "selfexec": "image_textRemove",
                "min_number_of_workers": 1,
                "max_number_of_workers": 1,
                "min_cpu_limit": 8000,
                "max_cpu_limit": 2147483647,
                "min_memory_limit": 4096,
                "max_memory_limit": 2147483647,
                "min_gpu_limit": 0,
                "max_gpu_limit": 0
            },
            "stderr": "",
            "returncode": 0
        }
    }
}
2024-02-07T19:12:02.745439-05:00	END
2024-02-09T11:07:46.331779-05:00	START
2024-02-09T11:07:52.424550-05:00	
{
    "status": false,
    "obj": {
        "run": {
            "status": false,
            "stdout": "an exception occurred",
            "stderr": "{\"non_field_errors\": [\"Plugin with name pl-dicom_repack and version 1.1.4 already exists.\"]}",
            "returncode": 1
        }
    }
}
2024-02-09T11:07:52.424689-05:00	END
2024-02-09T14:35:28.786364-05:00	START
2024-02-09T14:37:57.678756-05:00	
{
    "status": true,
    "obj": {
        "run": {
            "status": true,
            "stdout": {
                "id": 135,
                "creation_date": "2024-02-09T14:37:57.515625-05:00",
                "name": "pl-fastsurfer_inference",
                "version": "1.3.0",
                "dock_image": "fnndsc/pl-fastsurfer_inference:1.3.0",
                "public_repo": "https://github.com/FNNDSC/pl-fastsurfer_inference",
                "icon": "",
                "type": "ds",
                "stars": 0,
                "authors": "Martin Reuter (FastSurfer), Sandip Samal (FNNDSC) (sandip.samal@childrens.harvard.edu) <dev@babyMRI.org>",
                "title": "An inference app of FastSurfer",
                "category": "",
                "description": "An app to efficiently perform cortical parcellation and segmentation on raw brain MRI images",
                "documentation": "http://wiki",
                "license": "MIT",
                "execshell": "/usr/bin/python3",
                "selfpath": "/usr/local/bin",
                "selfexec": "fastsurfer_inference",
                "min_number_of_workers": 1,
                "max_number_of_workers": 1,
                "min_cpu_limit": 2000,
                "max_cpu_limit": 2147483647,
                "min_memory_limit": 2000,
                "max_memory_limit": 2147483647,
                "min_gpu_limit": 0,
                "max_gpu_limit": 0
            },
            "stderr": "",
            "returncode": 0
        }
    }
}
2024-02-09T14:37:57.679049-05:00	END
